ğŸš€ Python Project Test Automation Report
Generated: 2025-09-14 06:13:48
Model Used: llama-3.3-70b-versatile
Execution Time: 0.52 seconds
Status: FAILED

============================================================

ğŸ“ CHANGED FILES:

  1. ci_pr_test_runner.py
  2. reports/run_summary.txt
  3. reports/test_automation_report_2025-09-14_05-40-18.json
  4. reports/test_automation_report_2025-09-14_05-40-18.txt
  5. reports/test_automation_report_2025-09-14_05-40-18.xml
  6. tests_pr/pr_generated_tests.py
  7. utils.py

ğŸ” SYNTAX VALIDATION:

  ci_pr_test_runner.py: âœ… PASS
  utils.py: âœ… PASS

ğŸ” ANALYZED FUNCTIONS/METHODS (27 total):

  1. Method: to_dict (Class: TestCaseResult) [Complexity: 1/10] [Type Hints: âœ…] [Docstring: âœ…]
     File: ci_pr_test_runner.py (lines 70-79)

  2. Method: __init__ (Class: CodeAnalyzer) [Complexity: 1/10] [Type Hints: âœ…] [Docstring: âŒ]
     File: ci_pr_test_runner.py (lines 99-101)

  3. Method: extract_type_info (Class: CodeAnalyzer) [Complexity: 6/10] [Type Hints: âœ…] [Docstring: âœ…]
     File: ci_pr_test_runner.py (lines 103-122)

  4. Method: extract_imports_from_file (Class: CodeAnalyzer) [Complexity: 10/10] [Type Hints: âœ…] [Docstring: âœ…]
     File: ci_pr_test_runner.py (lines 124-149)

  5. Method: calculate_complexity_score (Class: CodeAnalyzer) [Complexity: 5/10] [Type Hints: âœ…] [Docstring: âœ…]
     File: ci_pr_test_runner.py (lines 151-163)

  6. Method: __init__ (Class: TestValidator) [Complexity: 1/10] [Type Hints: âœ…] [Docstring: âŒ]
     File: ci_pr_test_runner.py (lines 168-169)

  7. Method: validate_syntax (Class: TestValidator) [Complexity: 4/10] [Type Hints: âœ…] [Docstring: âœ…]
     File: ci_pr_test_runner.py (lines 171-188)

  8. Method: validate_imports (Class: TestValidator) [Complexity: 10/10] [Type Hints: âœ…] [Docstring: âœ…]
     File: ci_pr_test_runner.py (lines 190-212)

  9. Method: __init__ (Class: ChangeAnalyzerAndTester) [Complexity: 1/10] [Type Hints: âŒ] [Docstring: âŒ]
     File: ci_pr_test_runner.py (lines 218-234)

  10. Method: _log (Class: ChangeAnalyzerAndTester) [Complexity: 1/10] [Type Hints: âœ…] [Docstring: âœ…]
     File: ci_pr_test_runner.py (lines 236-241)

  11. Method: _get_changed_files (Class: ChangeAnalyzerAndTester) [Complexity: 2/10] [Type Hints: âœ…] [Docstring: âœ…]
     File: ci_pr_test_runner.py (lines 243-252)

  12. Method: _extract_functions_from_file (Class: ChangeAnalyzerAndTester) [Complexity: 10/10] [Type Hints: âœ…] [Docstring: âœ…]
     File: ci_pr_test_runner.py (lines 254-323)

  13. Method: _build_comprehensive_prompt (Class: ChangeAnalyzerAndTester) [Complexity: 10/10] [Type Hints: âœ…] [Docstring: âœ…]
     File: ci_pr_test_runner.py (lines 325-480)

  14. Method: _invoke_llm_for_generation (Class: ChangeAnalyzerAndTester) [Complexity: 10/10] [Type Hints: âœ…] [Docstring: âœ…]
     File: ci_pr_test_runner.py (lines 482-533)

  15. Method: _generate_test_suite (Class: ChangeAnalyzerAndTester) [Complexity: 4/10] [Type Hints: âœ…] [Docstring: âœ…]
     File: ci_pr_test_runner.py (lines 535-556)

  16. Method: _fix_common_syntax_issues (Class: ChangeAnalyzerAndTester) [Complexity: 9/10] [Type Hints: âœ…] [Docstring: âœ…]
     File: ci_pr_test_runner.py (lines 558-579)

  17. Method: _format_python_code (Class: ChangeAnalyzerAndTester) [Complexity: 6/10] [Type Hints: âœ…] [Docstring: âœ…]
     File: ci_pr_test_runner.py (lines 581-609)

  18. Method: _parse_test_output (Class: ChangeAnalyzerAndTester) [Complexity: 10/10] [Type Hints: âœ…] [Docstring: âœ…]
     File: ci_pr_test_runner.py (lines 611-695)

  19. Method: _extract_test_methods_from_file (Class: ChangeAnalyzerAndTester) [Complexity: 7/10] [Type Hints: âœ…] [Docstring: âœ…]
     File: ci_pr_test_runner.py (lines 697-719)

  20. Method: _execute_tests (Class: ChangeAnalyzerAndTester) [Complexity: 9/10] [Type Hints: âœ…] [Docstring: âœ…]
     File: ci_pr_test_runner.py (lines 721-824)

  21. Method: _parse_coverage_metrics (Class: ChangeAnalyzerAndTester) [Complexity: 7/10] [Type Hints: âœ…] [Docstring: âœ…]
     File: ci_pr_test_runner.py (lines 826-851)

  22. Method: _generate_json_report (Class: ChangeAnalyzerAndTester) [Complexity: 3/10] [Type Hints: âœ…] [Docstring: âœ…]
     File: ci_pr_test_runner.py (lines 853-894)

  23. Method: _generate_xml_report (Class: ChangeAnalyzerAndTester) [Complexity: 10/10] [Type Hints: âœ…] [Docstring: âœ…]
     File: ci_pr_test_runner.py (lines 896-968)

  24. Method: _generate_text_report (Class: ChangeAnalyzerAndTester) [Complexity: 10/10] [Type Hints: âœ…] [Docstring: âœ…]
     File: ci_pr_test_runner.py (lines 970-1076)

  25. Method: _save_reports (Class: ChangeAnalyzerAndTester) [Complexity: 1/10] [Type Hints: âœ…] [Docstring: âœ…]
     File: ci_pr_test_runner.py (lines 1078-1102)

  26. Method: run (Class: ChangeAnalyzerAndTester) [Complexity: 10/10] [Type Hints: âŒ] [Docstring: âœ…]
     File: ci_pr_test_runner.py (lines 1104-1281)

  27. Function: sum_three_numbers [Complexity: 1/10] [Type Hints: âŒ] [Docstring: âœ…]
     File: utils.py (lines 1-13)

ğŸ§ª TEST RESULTS:
  Status: FAILURE

  Test Output:
  â”€â”€â”€â”€â”€â”€â”€â”€â”€â”€â”€â”€â”€â”€â”€â”€â”€â”€â”€â”€â”€â”€â”€â”€â”€â”€â”€â”€â”€â”€â”€â”€â”€â”€â”€â”€â”€â”€â”€â”€
  Failed to generate test cases
  â”€â”€â”€â”€â”€â”€â”€â”€â”€â”€â”€â”€â”€â”€â”€â”€â”€â”€â”€â”€â”€â”€â”€â”€â”€â”€â”€â”€â”€â”€â”€â”€â”€â”€â”€â”€â”€â”€â”€â”€

ğŸ“Š COVERAGE METRICS:

ğŸ“ EXECUTION LOGS (Last 25 entries):

  [2025-09-14 06:13:47] [INFO] ğŸš€ Starting Enhanced Python Project Test Automation
  [2025-09-14 06:13:47] [INFO] ğŸ“ Detected 7 changed files: ci_pr_test_runner.py, reports/run_summary.txt, reports/test_automation_report_2025-09-14_05-40-18.json, reports/test_automation_report_2025-09-14_05-40-18.txt, reports/test_automation_report_2025-09-14_05-40-18.xml, tests_pr/pr_generated_tests.py, utils.py
  [2025-09-14 06:13:47] [INFO] ğŸ” Analyzing changed file: ci_pr_test_runner.py
  [2025-09-14 06:13:47] [INFO] âœ… Found 26 functions/methods in ci_pr_test_runner.py
  [2025-09-14 06:13:47] [INFO] ğŸ” Analyzing changed file: utils.py
  [2025-09-14 06:13:47] [INFO] âœ… Found 1 functions/methods in utils.py
  [2025-09-14 06:13:47] [INFO] ğŸ“Š Analysis Summary:
  [2025-09-14 06:13:47] [INFO]    Total Functions/Methods: 27
  [2025-09-14 06:13:47] [INFO]    Functions: 1, Methods: 26
  [2025-09-14 06:13:47] [INFO]    Average Complexity: 5.9/10
  [2025-09-14 06:13:47] [INFO] ğŸ§  Generating comprehensive test cases using llama-3.3-70b-versatile...
  [2025-09-14 06:13:47] [INFO] ğŸ¤– Generating test code (attempt 1/3)...
  [2025-09-14 06:13:48] [ERROR] âŒ Error in LLM generation (attempt 1): Error code: 413 - {'error': {'message': 'Request too large for model `llama-3.3-70b-versatile` in organization `org_01k4vv26wrfy0a45edrkbynbm1` service tier `on_demand` on tokens per minute (TPM): Limit 12000, Requested 15631, please reduce your message size and try again. Need more tokens? Upgrade to Dev Tier today at https://console.groq.com/settings/billing', 'type': 'tokens', 'code': 'rate_limit_exceeded'}}
  [2025-09-14 06:13:48] [INFO] ğŸ¤– Generating test code (attempt 2/3)...
  [2025-09-14 06:13:48] [ERROR] âŒ Error in LLM generation (attempt 2): Error code: 413 - {'error': {'message': 'Request too large for model `llama-3.3-70b-versatile` in organization `org_01k4vv26wrfy0a45edrkbynbm1` service tier `on_demand` on tokens per minute (TPM): Limit 12000, Requested 15631, please reduce your message size and try again. Need more tokens? Upgrade to Dev Tier today at https://console.groq.com/settings/billing', 'type': 'tokens', 'code': 'rate_limit_exceeded'}}
  [2025-09-14 06:13:48] [INFO] ğŸ¤– Generating test code (attempt 3/3)...
  [2025-09-14 06:13:48] [ERROR] âŒ Error in LLM generation (attempt 3): Error code: 413 - {'error': {'message': 'Request too large for model `llama-3.3-70b-versatile` in organization `org_01k4vv26wrfy0a45edrkbynbm1` service tier `on_demand` on tokens per minute (TPM): Limit 12000, Requested 15631, please reduce your message size and try again. Need more tokens? Upgrade to Dev Tier today at https://console.groq.com/settings/billing', 'type': 'tokens', 'code': 'rate_limit_exceeded'}}
  [2025-09-14 06:13:48] [ERROR] âŒ Failed to generate test cases. Aborting.
  [2025-09-14 06:13:48] [INFO] ğŸ“„ JSON report saved: /home/runner/work/check-python-tests/check-python-tests/reports/test_automation_report_2025-09-14_06-13-48.json
  [2025-09-14 06:13:48] [INFO] ğŸ“„ XML report saved: /home/runner/work/check-python-tests/check-python-tests/reports/test_automation_report_2025-09-14_06-13-48.xml

============================================================
Report completed at: 2025-09-14 06:13:48