ğŸš€ Python Project Test Automation Report
Generated: 2025-09-14 06:20:32
Model Used: llama-3.3-70b-versatile
Execution Time: 1.94 seconds
Status: FAILED

============================================================

ğŸ“ CHANGED FILES:

  1. main.py
  2. reports/run_summary.txt
  3. reports/test_automation_report_2025-09-14_06-16-05.json
  4. reports/test_automation_report_2025-09-14_06-16-05.txt
  5. reports/test_automation_report_2025-09-14_06-16-05.xml
  6. tests_pr/pr_generated_tests.py

ğŸ” SYNTAX VALIDATION:

  main.py: âœ… PASS
  tests_pr/pr_generated_tests.py: âœ… PASS
  generated_test_file: âœ… PASS

ğŸ” ANALYZED FUNCTIONS/METHODS (7 total):

  1. Function: add_numbers [Complexity: 1/10] [Type Hints: âŒ] [Docstring: âŒ]
     File: main.py (lines 4-5)

  2. Function: is_prime [Complexity: 4/10] [Type Hints: âŒ] [Docstring: âŒ]
     File: main.py (lines 7-14)

  3. Method: setUp (Class: TestGeneratedCode) [Complexity: 1/10] [Type Hints: âŒ] [Docstring: âŒ]
     File: tests_pr/pr_generated_tests.py (lines 9-10)

  4. Method: test_sum_three_numbers_normal_cases (Class: TestGeneratedCode) [Complexity: 1/10] [Type Hints: âŒ] [Docstring: âŒ]
     File: tests_pr/pr_generated_tests.py (lines 12-16)

  5. Method: test_sum_three_numbers_edge_cases (Class: TestGeneratedCode) [Complexity: 1/10] [Type Hints: âŒ] [Docstring: âŒ]
     File: tests_pr/pr_generated_tests.py (lines 18-22)

  6. Method: test_sum_three_numbers_error_cases (Class: TestGeneratedCode) [Complexity: 1/10] [Type Hints: âŒ] [Docstring: âŒ]
     File: tests_pr/pr_generated_tests.py (lines 24-30)

  7. Method: test_sum_three_numbers_type_validation (Class: TestGeneratedCode) [Complexity: 1/10] [Type Hints: âŒ] [Docstring: âŒ]
     File: tests_pr/pr_generated_tests.py (lines 32-34)

ğŸ§ª TEST RESULTS:
  Status: FAILURE

ğŸ“‹ INDIVIDUAL TEST CASES:

  1. test_add_numbers_edge_cases
     Status: âœ… PASS

  2. test_add_numbers_error_cases
     Status: âœ… PASS

  3. test_add_numbers_normal_cases
     Status: âœ… PASS

  4. test_is_prime_edge_cases
     Status: âœ… PASS

  5. test_is_prime_error_cases
     Status: âŒ FAIL

  6. test_is_prime_normal_cases
     Status: âœ… PASS

  7. test_sum_three_numbers_edge_cases
     Status: âœ… PASS

  8. test_sum_three_numbers_error_cases
     Status: âœ… PASS

  9. test_sum_three_numbers_normal_cases
     Status: âœ… PASS

  10. test_sum_three_numbers_type_validation
     Status: âœ… PASS

  Test Output:
  â”€â”€â”€â”€â”€â”€â”€â”€â”€â”€â”€â”€â”€â”€â”€â”€â”€â”€â”€â”€â”€â”€â”€â”€â”€â”€â”€â”€â”€â”€â”€â”€â”€â”€â”€â”€â”€â”€â”€â”€
  test_add_numbers_edge_cases (__main__.TestGeneratedCode.test_add_numbers_edge_cases) ... ok
  test_add_numbers_error_cases (__main__.TestGeneratedCode.test_add_numbers_error_cases) ... ok
  test_add_numbers_normal_cases (__main__.TestGeneratedCode.test_add_numbers_normal_cases) ... ok
  test_is_prime_edge_cases (__main__.TestGeneratedCode.test_is_prime_edge_cases) ... ok
  test_is_prime_error_cases (__main__.TestGeneratedCode.test_is_prime_error_cases) ... FAIL
  test_is_prime_normal_cases (__main__.TestGeneratedCode.test_is_prime_normal_cases) ... ok
  test_sum_three_numbers_edge_cases (__main__.TestGeneratedCode.test_sum_three_numbers_edge_cases) ... ok
  test_sum_three_numbers_error_cases (__main__.TestGeneratedCode.test_sum_three_numbers_error_cases) ... ok
  test_sum_three_numbers_normal_cases (__main__.TestGeneratedCode.test_sum_three_numbers_normal_cases) ... ok
  test_sum_three_numbers_type_validation (__main__.TestGeneratedCode.test_sum_three_numbers_type_validation) ... ok
  
  ======================================================================
  FAIL: test_is_prime_error_cases (__main__.TestGeneratedCode.test_is_prime_error_cases)
  ----------------------------------------------------------------------
  Traceback (most recent call last):
  â”€â”€â”€â”€â”€â”€â”€â”€â”€â”€â”€â”€â”€â”€â”€â”€â”€â”€â”€â”€â”€â”€â”€â”€â”€â”€â”€â”€â”€â”€â”€â”€â”€â”€â”€â”€â”€â”€â”€â”€

ğŸ“Š COVERAGE METRICS:

  Total Coverage: 75
  Total Statements: 234
  Missing Statements: 59

ğŸ“ EXECUTION LOGS (Last 25 entries):

  [2025-09-14 06:20:30] [INFO] ğŸ“ Detected 6 changed files: main.py, reports/run_summary.txt, reports/test_automation_report_2025-09-14_06-16-05.json, reports/test_automation_report_2025-09-14_06-16-05.txt, reports/test_automation_report_2025-09-14_06-16-05.xml, tests_pr/pr_generated_tests.py
  [2025-09-14 06:20:30] [INFO] ğŸ” Analyzing changed file: main.py
  [2025-09-14 06:20:30] [INFO] âœ… Found 2 functions/methods in main.py
  [2025-09-14 06:20:30] [INFO] ğŸ” Analyzing changed file: tests_pr/pr_generated_tests.py
  [2025-09-14 06:20:30] [INFO] âœ… Found 5 functions/methods in tests_pr/pr_generated_tests.py
  [2025-09-14 06:20:30] [INFO] ğŸ“Š Analysis Summary:
  [2025-09-14 06:20:30] [INFO]    Total Functions/Methods: 7
  [2025-09-14 06:20:30] [INFO]    Functions: 2, Methods: 5
  [2025-09-14 06:20:30] [INFO]    Average Complexity: 1.4/10
  [2025-09-14 06:20:30] [INFO] ğŸ§  Generating comprehensive test cases using llama-3.3-70b-versatile...
  [2025-09-14 06:20:30] [INFO] ğŸ¤– Generating test code (attempt 1/3)...
  [2025-09-14 06:20:32] [SUCCESS] âœ… Generated syntactically valid test code
  [2025-09-14 06:20:32] [INFO] âœ”ï¸ Formatted: pr_generated_tests.py
  [2025-09-14 06:20:32] [SUCCESS] âœ… Generated and saved syntactically valid tests to /home/runner/work/check-python-tests/check-python-tests/tests_pr/pr_generated_tests.py
  [2025-09-14 06:20:32] [INFO] ğŸƒ Executing generated tests with comprehensive coverage analysis...
  [2025-09-14 06:20:32] [INFO] ğŸ§ª Executing tests from /home/runner/work/check-python-tests/check-python-tests/tests_pr/pr_generated_tests.py
  [2025-09-14 06:20:32] [ERROR] âŒ Tests failed.
  [2025-09-14 06:20:32] [ERROR] --- Test Output ---
  [2025-09-14 06:20:32] [ERROR] 
  [2025-09-14 06:20:32] [ERROR] test_add_numbers_edge_cases (__main__.TestGeneratedCode.test_add_numbers_edge_cases) ... ok
test_add_numbers_error_cases (__main__.TestGeneratedCode.test_add_numbers_error_cases) ... ok
test_add_numbers_normal_cases (__main__.TestGeneratedCode.test_add_numbers_normal_cases) ... ok
test_is_prime_edge_cases (__main__.TestGeneratedCode.test_is_prime_edge_cases) ... ok
test_is_prime_error_cases (__main__.TestGeneratedCode.test_is_prime_error_cases) ... FAIL
test_is_prime_normal_cases (__main__.TestGeneratedCode.test_is_prime_normal_cases) ... ok
test_sum_three_numbers_edge_cases (__main__.TestGeneratedCode.test_sum_three_numbers_edge_cases) ... ok
test_sum_three_numbers_error_cases (__main__.TestGeneratedCode.test_sum_three_numbers_error_cases) ... ok
test_sum_three_numbers_normal_cases (__main__.TestGeneratedCode.test_sum_three_numbers_normal_cases) ... ok
test_sum_three_numbers_type_validation (__main__.TestGeneratedCode.test_sum_three_numbers_type_validation) ... ok

======================================================================
FAIL: test_is_prime_error_cases (__main__.TestGeneratedCode.test_is_prime_error_cases)
----------------------------------------------------------------------
Traceback (most recent call last):
  File "/home/runner/work/check-python-tests/check-python-tests/tests_pr/pr_generated_tests.py", line 48, in test_is_prime_error_cases
    with self.assertRaises(TypeError):
AssertionError: TypeError not raised

----------------------------------------------------------------------
Ran 10 tests in 0.001s

FAILED (failures=1)

  [2025-09-14 06:20:32] [ERROR] -------------------
  [2025-09-14 06:20:32] [INFO] 
ğŸ¯ Code Coverage: 75%
  [2025-09-14 06:20:32] [INFO] ğŸŸ¡ Good coverage, consider adding edge case tests
  [2025-09-14 06:20:32] [INFO] ğŸ“„ JSON report saved: /home/runner/work/check-python-tests/check-python-tests/reports/test_automation_report_2025-09-14_06-20-32.json
  [2025-09-14 06:20:32] [INFO] ğŸ“„ XML report saved: /home/runner/work/check-python-tests/check-python-tests/reports/test_automation_report_2025-09-14_06-20-32.xml

============================================================
Report completed at: 2025-09-14 06:20:32