<test_automation_report><header><title>ğŸš€ Python Project Test Automation Report</title><generated>2025-09-13 14:36:07</generated><model_name>llama-3.3-70b-versatile</model_name><execution_time_seconds>2.239932</execution_time_seconds><status>FAILED</status></header><changed_files><count>2</count><file>main.py</file><file>utils.py</file></changed_files><analyzed_functions><count>6</count><function><name>add_numbers</name><file_path>main.py</file_path><line_start>4</line_start><line_end>15</line_end><is_method>False</is_method><code_snippet>def add_numbers(a, b):
    """
    Adds two numbers together.

    Args:
        a (int or float): The first number.
        b (int or float): The second number.

    Returns:
        int or float: Th...</code_snippet></function><function><name>is_prime</name><file_path>main.py</file_path><line_start>17</line_start><line_end>32</line_end><is_method>False</is_method><code_snippet>def is_prime(n):
    """
    Checks if a number is a prime number.

    Args:
        n (int): The number to check.

    Returns:
        bool: True if the number is prime, False otherwise.
    """
  ...</code_snippet></function><function><name>capitalize_string</name><file_path>main.py</file_path><line_start>34</line_start><line_end>44</line_end><is_method>False</is_method><code_snippet>def capitalize_string(s):
    """
    Capitalizes the first letter of each word in a string.
    
    Args:
        s (str): The input string.

    Returns:
        str: The string with each word capi...</code_snippet></function><function><name>multiply</name><file_path>main.py</file_path><line_start>48</line_start><line_end>49</line_end><is_method>True</is_method><class_name>Calculator</class_name><code_snippet>    def multiply(self, a, b):
        return a * b</code_snippet></function><function><name>power</name><file_path>main.py</file_path><line_start>50</line_start><line_end>61</line_end><is_method>True</is_method><class_name>Calculator</class_name><code_snippet>    def power(self, base, exp):
        """
        Calculates the power of a base to an exponent.

        Args:
            base (int or float): The base number.
            exp (int): The exponent....</code_snippet></function><function><name>subtract_three_numbers</name><file_path>utils.py</file_path><line_start>1</line_start><line_end>13</line_end><is_method>False</is_method><code_snippet>def subtract_three_numbers(a, b, c):
    """
    Calculates the result of subtracting the second and third numbers from the first.

    Args:
        a (int or float): The first number.
        b (int...</code_snippet></function></analyzed_functions><test_results><status>failure</status><output>......F....
======================================================================
FAIL: test_multiply_error (__main__.TestFunctions)
Test the multiply method of the Calculator class with error conditions.
----------------------------------------------------------------------
Traceback (most recent call last):
  File "/home/runner/work/check-python-tests/check-python-tests/tests_pr/pr_generated_tests.py", line 67, in test_multiply_error
    with self.assertRaises(TypeError):
AssertionError: TypeError not raised

----------------------------------------------------------------------
Ran 11 tests in 0.001s

FAILED (failures=1)
</output></test_results><coverage_metrics /><execution_logs><count>16</count><log>[2025-09-13 14:36:05] [INFO] ğŸš€ Starting Python Project Test Automation</log><log>[2025-09-13 14:36:05] [INFO] ğŸ“ Detected 2 changed files: main.py, utils.py</log><log>[2025-09-13 14:36:05] [INFO] ğŸ” Analyzing changed file: main.py</log><log>[2025-09-13 14:36:05] [INFO] ğŸ” Analyzing changed file: utils.py</log><log>[2025-09-13 14:36:05] [INFO] ğŸ¤– Found 6 functions/methods to test using llama-3.3-70b-versatile</log><log>[2025-09-13 14:36:05] [INFO] ğŸ§  Generating test cases using llama-3.3-70b-versatile...</log><log>[2025-09-13 14:36:07] [INFO] âœ”ï¸ Formatted: pr_generated_tests.py</log><log>[2025-09-13 14:36:07] [SUCCESS] âœ… Generated and saved tests to /home/runner/work/check-python-tests/check-python-tests/tests_pr/pr_generated_tests.py</log><log>[2025-09-13 14:36:07] [INFO] ğŸƒ Executing generated tests with coverage analysis...</log><log>[2025-09-13 14:36:07] [INFO] ğŸ§ª Executing tests from /home/runner/work/check-python-tests/check-python-tests/tests_pr/pr_generated_tests.py</log><log>[2025-09-13 14:36:07] [ERROR] âŒ Tests failed.</log><log>[2025-09-13 14:36:07] [ERROR] --- Test Output ---</log><log>[2025-09-13 14:36:07] [ERROR] </log><log>[2025-09-13 14:36:07] [ERROR] ......F....
======================================================================
FAIL: test_multiply_error (__main__.TestFunctions)
Test the multiply method of the Calculator class with error conditions.
----------------------------------------------------------------------
Traceback (most recent call last):
  File "/home/runner/work/check-python-tests/check-python-tests/tests_pr/pr_generated_tests.py", line 67, in test_multiply_error
    with self.assertRaises(TypeError):
AssertionError: TypeError not raised

----------------------------------------------------------------------
Ran 11 tests in 0.001s

FAILED (failures=1)
</log><log>[2025-09-13 14:36:07] [ERROR] -------------------</log><log>[2025-09-13 14:36:07] [INFO] ğŸ“„ JSON report saved: /home/runner/work/check-python-tests/check-python-tests/reports/test_automation_report_2025-09-13_14-36-07.json</log></execution_logs></test_automation_report>