{
  "title": "ğŸš€ Python Project Test Automation Report",
  "generated": "2025-09-14 06:13:48",
  "model_name": "llama-3.3-70b-versatile",
  "execution_time_seconds": 0.516231,
  "status": "FAILED",
  "changed_files": [
    "ci_pr_test_runner.py",
    "reports/run_summary.txt",
    "reports/test_automation_report_2025-09-14_05-40-18.json",
    "reports/test_automation_report_2025-09-14_05-40-18.txt",
    "reports/test_automation_report_2025-09-14_05-40-18.xml",
    "tests_pr/pr_generated_tests.py",
    "utils.py"
  ],
  "syntax_validation": {
    "ci_pr_test_runner.py": true,
    "utils.py": true
  },
  "analyzed_functions": [
    {
      "name": "to_dict",
      "file_path": "ci_pr_test_runner.py",
      "line_start": 70,
      "line_end": 79,
      "is_method": true,
      "class_name": "TestCaseResult",
      "complexity_score": 1,
      "has_type_hints": true,
      "has_docstring": true,
      "code_snippet": "    def to_dict(self) -> Dict[str, Any]:\n        \"\"\"Convert to dictionary for JSON serialization\"\"\"\n        return {\n            \"name\": self.name,\n            \"status\": self.status,\n            \"exec..."
    },
    {
      "name": "__init__",
      "file_path": "ci_pr_test_runner.py",
      "line_start": 99,
      "line_end": 101,
      "is_method": true,
      "class_name": "CodeAnalyzer",
      "complexity_score": 1,
      "has_type_hints": true,
      "has_docstring": false,
      "code_snippet": "    def __init__(self, project_root: Path):\n        self.project_root = project_root\n        self.builtin_types = {'int', 'str', 'float', 'bool', 'list', 'dict', 'tuple', 'set', 'bytes', 'None'}"
    },
    {
      "name": "extract_type_info",
      "file_path": "ci_pr_test_runner.py",
      "line_start": 103,
      "line_end": 122,
      "is_method": true,
      "class_name": "CodeAnalyzer",
      "complexity_score": 6,
      "has_type_hints": true,
      "has_docstring": true,
      "code_snippet": "    def extract_type_info(self, node: ast.FunctionDef) -> TypeInfo:\n        \"\"\"Extract comprehensive type information from function definition\"\"\"\n        type_info = TypeInfo()\n        \n        # Extr..."
    },
    {
      "name": "extract_imports_from_file",
      "file_path": "ci_pr_test_runner.py",
      "line_start": 124,
      "line_end": 149,
      "is_method": true,
      "class_name": "CodeAnalyzer",
      "complexity_score": 10,
      "has_type_hints": true,
      "has_docstring": true,
      "code_snippet": "    def extract_imports_from_file(self, file_path: Path) -> ImportInfo:\n        \"\"\"Extract all imports from a Python file\"\"\"\n        import_info = ImportInfo()\n        \n        try:\n            with o..."
    },
    {
      "name": "calculate_complexity_score",
      "file_path": "ci_pr_test_runner.py",
      "line_start": 151,
      "line_end": 163,
      "is_method": true,
      "class_name": "CodeAnalyzer",
      "complexity_score": 5,
      "has_type_hints": true,
      "has_docstring": true,
      "code_snippet": "    def calculate_complexity_score(self, node: ast.FunctionDef) -> int:\n        \"\"\"Calculate a simple complexity score for the function\"\"\"\n        score = 1\n        \n        for child in ast.walk(node..."
    },
    {
      "name": "__init__",
      "file_path": "ci_pr_test_runner.py",
      "line_start": 168,
      "line_end": 169,
      "is_method": true,
      "class_name": "TestValidator",
      "complexity_score": 1,
      "has_type_hints": true,
      "has_docstring": false,
      "code_snippet": "    def __init__(self, project_root: Path):\n        self.project_root = project_root"
    },
    {
      "name": "validate_syntax",
      "file_path": "ci_pr_test_runner.py",
      "line_start": 171,
      "line_end": 188,
      "is_method": true,
      "class_name": "TestValidator",
      "complexity_score": 4,
      "has_type_hints": true,
      "has_docstring": true,
      "code_snippet": "    def validate_syntax(self, test_code: str) -> Tuple[bool, List[str]]:\n        \"\"\"Validate Python syntax of generated test code\"\"\"\n        errors = []\n        \n        try:\n            # First, try ..."
    },
    {
      "name": "validate_imports",
      "file_path": "ci_pr_test_runner.py",
      "line_start": 190,
      "line_end": 212,
      "is_method": true,
      "class_name": "TestValidator",
      "complexity_score": 10,
      "has_type_hints": true,
      "has_docstring": true,
      "code_snippet": "    def validate_imports(self, test_code: str, available_modules: Set[str]) -> Tuple[bool, List[str]]:\n        \"\"\"Validate that all imports in test code are available\"\"\"\n        errors = []\n        \n ..."
    },
    {
      "name": "__init__",
      "file_path": "ci_pr_test_runner.py",
      "line_start": 218,
      "line_end": 234,
      "is_method": true,
      "class_name": "ChangeAnalyzerAndTester",
      "complexity_score": 1,
      "has_type_hints": false,
      "has_docstring": false,
      "code_snippet": "    def __init__(self):\n        self.project_root = Path(os.getcwd())\n        sys.path.insert(0, str(self.project_root))\n        \n        self.test_dir = self.project_root / DEFAULT_TEST_DIR\n        s..."
    },
    {
      "name": "_log",
      "file_path": "ci_pr_test_runner.py",
      "line_start": 236,
      "line_end": 241,
      "is_method": true,
      "class_name": "ChangeAnalyzerAndTester",
      "complexity_score": 1,
      "has_type_hints": true,
      "has_docstring": true,
      "code_snippet": "    def _log(self, message: str, level: str = \"INFO\"):\n        \"\"\"Add a log entry with timestamp\"\"\"\n        timestamp = datetime.now().strftime(\"%Y-%m-%d %H:%M:%S\")\n        log_entry = f\"[{timestamp}]..."
    },
    {
      "name": "_get_changed_files",
      "file_path": "ci_pr_test_runner.py",
      "line_start": 243,
      "line_end": 252,
      "is_method": true,
      "class_name": "ChangeAnalyzerAndTester",
      "complexity_score": 2,
      "has_type_hints": true,
      "has_docstring": true,
      "code_snippet": "    def _get_changed_files(self) -> List[str]:\n        \"\"\"Gets changed files from the GITHUB_ENV variable.\"\"\"\n        changed_files_str = os.environ.get(\"CHANGED_FILES\", \"\")\n        if not changed_fil..."
    },
    {
      "name": "_extract_functions_from_file",
      "file_path": "ci_pr_test_runner.py",
      "line_start": 254,
      "line_end": 323,
      "is_method": true,
      "class_name": "ChangeAnalyzerAndTester",
      "complexity_score": 10,
      "has_type_hints": true,
      "has_docstring": true,
      "code_snippet": "    def _extract_functions_from_file(self, file_path: Path) -> List[FunctionInfo]:\n        \"\"\"Enhanced function extraction with detailed analysis\"\"\"\n        functions = []\n        \n        try:\n      ..."
    },
    {
      "name": "_build_comprehensive_prompt",
      "file_path": "ci_pr_test_runner.py",
      "line_start": 325,
      "line_end": 480,
      "is_method": true,
      "class_name": "ChangeAnalyzerAndTester",
      "complexity_score": 10,
      "has_type_hints": true,
      "has_docstring": true,
      "code_snippet": "    def _build_comprehensive_prompt(self, functions: List[FunctionInfo]) -> str:\n        \"\"\"Build a comprehensive, structured prompt for better test generation\"\"\"\n        \n        # Analyze all functi..."
    },
    {
      "name": "_invoke_llm_for_generation",
      "file_path": "ci_pr_test_runner.py",
      "line_start": 482,
      "line_end": 533,
      "is_method": true,
      "class_name": "ChangeAnalyzerAndTester",
      "complexity_score": 10,
      "has_type_hints": true,
      "has_docstring": true,
      "code_snippet": "    def _invoke_llm_for_generation(self, prompt: str, max_retries: int = 3) -> str:\n        \"\"\"Enhanced LLM invocation with retry logic and validation\"\"\"\n        \n        for attempt in range(max_retr..."
    },
    {
      "name": "_generate_test_suite",
      "file_path": "ci_pr_test_runner.py",
      "line_start": 535,
      "line_end": 556,
      "is_method": true,
      "class_name": "ChangeAnalyzerAndTester",
      "complexity_score": 4,
      "has_type_hints": true,
      "has_docstring": true,
      "code_snippet": "    def _generate_test_suite(self, functions: List[FunctionInfo]) -> str:\n        \"\"\"Generate test suite with enhanced validation\"\"\"\n        if not functions:\n            return \"\"\n\n        # Build co..."
    },
    {
      "name": "_fix_common_syntax_issues",
      "file_path": "ci_pr_test_runner.py",
      "line_start": 558,
      "line_end": 579,
      "is_method": true,
      "class_name": "ChangeAnalyzerAndTester",
      "complexity_score": 9,
      "has_type_hints": true,
      "has_docstring": true,
      "code_snippet": "    def _fix_common_syntax_issues(self, code: str) -> str:\n        \"\"\"Fix common syntax issues in generated code\"\"\"\n        lines = code.split('\\n')\n        fixed_lines = []\n        \n        for line ..."
    },
    {
      "name": "_format_python_code",
      "file_path": "ci_pr_test_runner.py",
      "line_start": 581,
      "line_end": 609,
      "is_method": true,
      "class_name": "ChangeAnalyzerAndTester",
      "complexity_score": 6,
      "has_type_hints": true,
      "has_docstring": true,
      "code_snippet": "    def _format_python_code(self, file_path: Path):\n        \"\"\"Enhanced code formatting with validation\"\"\"\n        try:\n            # First, validate the file can be parsed\n            with open(file_..."
    },
    {
      "name": "_parse_test_output",
      "file_path": "ci_pr_test_runner.py",
      "line_start": 611,
      "line_end": 695,
      "is_method": true,
      "class_name": "ChangeAnalyzerAndTester",
      "complexity_score": 10,
      "has_type_hints": true,
      "has_docstring": true,
      "code_snippet": "    def _parse_test_output(self, test_output: str, test_stderr: str) -> List[TestCaseResult]:\n        \"\"\"Parse unittest output to extract individual test case results\"\"\"\n        test_cases = []\n      ..."
    },
    {
      "name": "_extract_test_methods_from_file",
      "file_path": "ci_pr_test_runner.py",
      "line_start": 697,
      "line_end": 719,
      "is_method": true,
      "class_name": "ChangeAnalyzerAndTester",
      "complexity_score": 7,
      "has_type_hints": true,
      "has_docstring": true,
      "code_snippet": "    def _extract_test_methods_from_file(self) -> List[TestCaseResult]:\n        \"\"\"Extract test method names from the generated test file\"\"\"\n        test_cases = []\n        test_file_path = self.test_d..."
    },
    {
      "name": "_execute_tests",
      "file_path": "ci_pr_test_runner.py",
      "line_start": 721,
      "line_end": 824,
      "is_method": true,
      "class_name": "ChangeAnalyzerAndTester",
      "complexity_score": 9,
      "has_type_hints": true,
      "has_docstring": true,
      "code_snippet": "    def _execute_tests(self, test_file_path: Path, changed_files: List[str]) -> Dict[str, Any]:\n        \"\"\"Enhanced test execution with better error handling\"\"\"\n        self._log(f\"ğŸ§ª Executing tests f..."
    },
    {
      "name": "_parse_coverage_metrics",
      "file_path": "ci_pr_test_runner.py",
      "line_start": 826,
      "line_end": 851,
      "is_method": true,
      "class_name": "ChangeAnalyzerAndTester",
      "complexity_score": 7,
      "has_type_hints": true,
      "has_docstring": true,
      "code_snippet": "    def _parse_coverage_metrics(self, coverage_output: str) -> Dict[str, str]:\n        \"\"\"Enhanced coverage metrics parsing\"\"\"\n        metrics = {}\n        if not coverage_output:\n            return m..."
    },
    {
      "name": "_generate_json_report",
      "file_path": "ci_pr_test_runner.py",
      "line_start": 853,
      "line_end": 894,
      "is_method": true,
      "class_name": "ChangeAnalyzerAndTester",
      "complexity_score": 3,
      "has_type_hints": true,
      "has_docstring": true,
      "code_snippet": "    def _generate_json_report(self, report: TestReport) -> str:\n        \"\"\"Enhanced JSON report generation\"\"\"\n        \n        # Convert test cases to dict explicitly\n        test_cases_dict = [tc.to_..."
    },
    {
      "name": "_generate_xml_report",
      "file_path": "ci_pr_test_runner.py",
      "line_start": 896,
      "line_end": 968,
      "is_method": true,
      "class_name": "ChangeAnalyzerAndTester",
      "complexity_score": 10,
      "has_type_hints": true,
      "has_docstring": true,
      "code_snippet": "    def _generate_xml_report(self, report: TestReport) -> str:\n        \"\"\"Enhanced XML report generation\"\"\"\n        root = ET.Element(\"test_automation_report\")\n        \n        # Header with additiona..."
    },
    {
      "name": "_generate_text_report",
      "file_path": "ci_pr_test_runner.py",
      "line_start": 970,
      "line_end": 1076,
      "is_method": true,
      "class_name": "ChangeAnalyzerAndTester",
      "complexity_score": 10,
      "has_type_hints": true,
      "has_docstring": true,
      "code_snippet": "    def _generate_text_report(self, report: TestReport) -> str:\n        \"\"\"Enhanced human-readable text format report\"\"\"\n        lines = [\n            \"ğŸš€ Python Project Test Automation Report\",\n      ..."
    },
    {
      "name": "_save_reports",
      "file_path": "ci_pr_test_runner.py",
      "line_start": 1078,
      "line_end": 1102,
      "is_method": true,
      "class_name": "ChangeAnalyzerAndTester",
      "complexity_score": 1,
      "has_type_hints": true,
      "has_docstring": true,
      "code_snippet": "    def _save_reports(self, report: TestReport):\n        \"\"\"Save enhanced reports in multiple formats\"\"\"\n        timestamp_str = report.timestamp.replace(\":\", \"-\").replace(\" \", \"_\")\n        base_filen..."
    },
    {
      "name": "run",
      "file_path": "ci_pr_test_runner.py",
      "line_start": 1104,
      "line_end": 1281,
      "is_method": true,
      "class_name": "ChangeAnalyzerAndTester",
      "complexity_score": 10,
      "has_type_hints": false,
      "has_docstring": true,
      "code_snippet": "    def run(self):\n        \"\"\"Enhanced main runner with comprehensive validation\"\"\"\n        self._log(\"ğŸš€ Starting Enhanced Python Project Test Automation\", \"INFO\")\n        \n        changed_files = sel..."
    },
    {
      "name": "sum_three_numbers",
      "file_path": "utils.py",
      "line_start": 1,
      "line_end": 13,
      "is_method": false,
      "class_name": null,
      "complexity_score": 1,
      "has_type_hints": false,
      "has_docstring": true,
      "code_snippet": "def sum_three_numbers(a, b, c):\n    \"\"\"\n    Calculates the sum of three numbers.\n\n    Args:\n        a (int or float): The first number.\n        b (int or float): The second number.\n        c (int or f..."
    }
  ],
  "test_results": {
    "status": "failure",
    "output": "Failed to generate test cases"
  },
  "test_cases": [],
  "coverage_metrics": {},
  "execution_logs": [
    "[2025-09-14 06:13:47] [INFO] ğŸš€ Starting Enhanced Python Project Test Automation",
    "[2025-09-14 06:13:47] [INFO] ğŸ“ Detected 7 changed files: ci_pr_test_runner.py, reports/run_summary.txt, reports/test_automation_report_2025-09-14_05-40-18.json, reports/test_automation_report_2025-09-14_05-40-18.txt, reports/test_automation_report_2025-09-14_05-40-18.xml, tests_pr/pr_generated_tests.py, utils.py",
    "[2025-09-14 06:13:47] [INFO] ğŸ” Analyzing changed file: ci_pr_test_runner.py",
    "[2025-09-14 06:13:47] [INFO] âœ… Found 26 functions/methods in ci_pr_test_runner.py",
    "[2025-09-14 06:13:47] [INFO] ğŸ” Analyzing changed file: utils.py",
    "[2025-09-14 06:13:47] [INFO] âœ… Found 1 functions/methods in utils.py",
    "[2025-09-14 06:13:47] [INFO] ğŸ“Š Analysis Summary:",
    "[2025-09-14 06:13:47] [INFO]    Total Functions/Methods: 27",
    "[2025-09-14 06:13:47] [INFO]    Functions: 1, Methods: 26",
    "[2025-09-14 06:13:47] [INFO]    Average Complexity: 5.9/10",
    "[2025-09-14 06:13:47] [INFO] ğŸ§  Generating comprehensive test cases using llama-3.3-70b-versatile...",
    "[2025-09-14 06:13:47] [INFO] ğŸ¤– Generating test code (attempt 1/3)...",
    "[2025-09-14 06:13:48] [ERROR] âŒ Error in LLM generation (attempt 1): Error code: 413 - {'error': {'message': 'Request too large for model `llama-3.3-70b-versatile` in organization `org_01k4vv26wrfy0a45edrkbynbm1` service tier `on_demand` on tokens per minute (TPM): Limit 12000, Requested 15631, please reduce your message size and try again. Need more tokens? Upgrade to Dev Tier today at https://console.groq.com/settings/billing', 'type': 'tokens', 'code': 'rate_limit_exceeded'}}",
    "[2025-09-14 06:13:48] [INFO] ğŸ¤– Generating test code (attempt 2/3)...",
    "[2025-09-14 06:13:48] [ERROR] âŒ Error in LLM generation (attempt 2): Error code: 413 - {'error': {'message': 'Request too large for model `llama-3.3-70b-versatile` in organization `org_01k4vv26wrfy0a45edrkbynbm1` service tier `on_demand` on tokens per minute (TPM): Limit 12000, Requested 15631, please reduce your message size and try again. Need more tokens? Upgrade to Dev Tier today at https://console.groq.com/settings/billing', 'type': 'tokens', 'code': 'rate_limit_exceeded'}}",
    "[2025-09-14 06:13:48] [INFO] ğŸ¤– Generating test code (attempt 3/3)...",
    "[2025-09-14 06:13:48] [ERROR] âŒ Error in LLM generation (attempt 3): Error code: 413 - {'error': {'message': 'Request too large for model `llama-3.3-70b-versatile` in organization `org_01k4vv26wrfy0a45edrkbynbm1` service tier `on_demand` on tokens per minute (TPM): Limit 12000, Requested 15631, please reduce your message size and try again. Need more tokens? Upgrade to Dev Tier today at https://console.groq.com/settings/billing', 'type': 'tokens', 'code': 'rate_limit_exceeded'}}",
    "[2025-09-14 06:13:48] [ERROR] âŒ Failed to generate test cases. Aborting."
  ]
}