{
  "title": "ðŸš€ Python Project Test Automation Report",
  "generated": "2025-09-14 06:20:32",
  "model_name": "llama-3.3-70b-versatile",
  "execution_time_seconds": 1.93921,
  "status": "FAILED",
  "changed_files": [
    "main.py",
    "reports/run_summary.txt",
    "reports/test_automation_report_2025-09-14_06-16-05.json",
    "reports/test_automation_report_2025-09-14_06-16-05.txt",
    "reports/test_automation_report_2025-09-14_06-16-05.xml",
    "tests_pr/pr_generated_tests.py"
  ],
  "syntax_validation": {
    "main.py": true,
    "tests_pr/pr_generated_tests.py": true,
    "generated_test_file": true
  },
  "analyzed_functions": [
    {
      "name": "add_numbers",
      "file_path": "main.py",
      "line_start": 4,
      "line_end": 5,
      "is_method": false,
      "class_name": null,
      "complexity_score": 1,
      "has_type_hints": false,
      "has_docstring": false,
      "code_snippet": "def add_numbers(a, b):\n    return a + b"
    },
    {
      "name": "is_prime",
      "file_path": "main.py",
      "line_start": 7,
      "line_end": 14,
      "is_method": false,
      "class_name": null,
      "complexity_score": 4,
      "has_type_hints": false,
      "has_docstring": false,
      "code_snippet": "def is_prime(n):\n    \n    if n <= 1:\n        return False\n    for i in range(2, int(n**0.5) + 1):\n        if n % i == 0:\n            return False\n    return True"
    },
    {
      "name": "setUp",
      "file_path": "tests_pr/pr_generated_tests.py",
      "line_start": 9,
      "line_end": 10,
      "is_method": true,
      "class_name": "TestGeneratedCode",
      "complexity_score": 1,
      "has_type_hints": false,
      "has_docstring": false,
      "code_snippet": "    def setUp(self):\n        pass"
    },
    {
      "name": "test_sum_three_numbers_normal_cases",
      "file_path": "tests_pr/pr_generated_tests.py",
      "line_start": 12,
      "line_end": 16,
      "is_method": true,
      "class_name": "TestGeneratedCode",
      "complexity_score": 1,
      "has_type_hints": false,
      "has_docstring": false,
      "code_snippet": "    def test_sum_three_numbers_normal_cases(self):\n        self.assertEqual(sum_three_numbers(1, 2, 3), 6)\n        self.assertEqual(sum_three_numbers(1.5, 2.5, 3.5), 7.5)\n        self.assertEqual(sum_..."
    },
    {
      "name": "test_sum_three_numbers_edge_cases",
      "file_path": "tests_pr/pr_generated_tests.py",
      "line_start": 18,
      "line_end": 22,
      "is_method": true,
      "class_name": "TestGeneratedCode",
      "complexity_score": 1,
      "has_type_hints": false,
      "has_docstring": false,
      "code_snippet": "    def test_sum_three_numbers_edge_cases(self):\n        self.assertEqual(sum_three_numbers(0, 0, 0), 0)\n        self.assertEqual(sum_three_numbers(1, 0, 0), 1)\n        self.assertEqual(sum_three_numb..."
    },
    {
      "name": "test_sum_three_numbers_error_cases",
      "file_path": "tests_pr/pr_generated_tests.py",
      "line_start": 24,
      "line_end": 30,
      "is_method": true,
      "class_name": "TestGeneratedCode",
      "complexity_score": 1,
      "has_type_hints": false,
      "has_docstring": false,
      "code_snippet": "    def test_sum_three_numbers_error_cases(self):\n        with self.assertRaises(TypeError):\n            sum_three_numbers('a', 2, 3)\n        with self.assertRaises(TypeError):\n            sum_three_n..."
    },
    {
      "name": "test_sum_three_numbers_type_validation",
      "file_path": "tests_pr/pr_generated_tests.py",
      "line_start": 32,
      "line_end": 34,
      "is_method": true,
      "class_name": "TestGeneratedCode",
      "complexity_score": 1,
      "has_type_hints": false,
      "has_docstring": false,
      "code_snippet": "    def test_sum_three_numbers_type_validation(self):\n        self.assertIsInstance(sum_three_numbers(1, 2, 3), (int, float))\n        self.assertIsInstance(sum_three_numbers(1.5, 2.5, 3.5), (int, floa..."
    }
  ],
  "test_results": {
    "status": "failure",
    "output": "test_add_numbers_edge_cases (__main__.TestGeneratedCode.test_add_numbers_edge_cases) ... ok\ntest_add_numbers_error_cases (__main__.TestGeneratedCode.test_add_numbers_error_cases) ... ok\ntest_add_numbers_normal_cases (__main__.TestGeneratedCode.test_add_numbers_normal_cases) ... ok\ntest_is_prime_edge_cases (__main__.TestGeneratedCode.test_is_prime_edge_cases) ... ok\ntest_is_prime_error_cases (__main__.TestGeneratedCode.test_is_prime_error_cases) ... FAIL\ntest_is_prime_normal_cases (__main__.TestGeneratedCode.test_is_prime_normal_cases) ... ok\ntest_sum_three_numbers_edge_cases (__main__.TestGeneratedCode.test_sum_three_numbers_edge_cases) ... ok\ntest_sum_three_numbers_error_cases (__main__.TestGeneratedCode.test_sum_three_numbers_error_cases) ... ok\ntest_sum_three_numbers_normal_cases (__main__.TestGeneratedCode.test_sum_three_numbers_normal_cases) ... ok\ntest_sum_three_numbers_type_validation (__main__.TestGeneratedCode.test_sum_three_numbers_type_validation) ... ok\n\n======================================================================\nFAIL: test_is_prime_error_cases (__main__.TestGeneratedCode.test_is_prime_error_cases)\n----------------------------------------------------------------------\nTraceback (most recent call last):\n  File \"/home/runner/work/check-python-tests/check-python-tests/tests_pr/pr_generated_tests.py\", line 48, in test_is_prime_error_cases\n    with self.assertRaises(TypeError):\nAssertionError: TypeError not raised\n\n----------------------------------------------------------------------\nRan 10 tests in 0.001s\n\nFAILED (failures=1)\n",
    "coverage_report": "Name                                                                      Stmts   Miss  Cover\n---------------------------------------------------------------------------------------------\n/opt/hostedtoolcache/Python/3.11.13/x64/lib/python3.11/unittest/main.py     162     59    64%\nmain.py                                                                       9      0   100%\ntests_pr/pr_generated_tests.py                                               63      0   100%\n---------------------------------------------------------------------------------------------\nTOTAL                                                                       234     59    75%\n",
    "test_cases": [
      {
        "name": "test_add_numbers_edge_cases",
        "status": "PASS",
        "execution_time": 0.0,
        "error_message": "",
        "failure_reason": "",
        "test_method": "test_add_numbers_edge_cases"
      },
      {
        "name": "test_add_numbers_error_cases",
        "status": "PASS",
        "execution_time": 0.0,
        "error_message": "",
        "failure_reason": "",
        "test_method": "test_add_numbers_error_cases"
      },
      {
        "name": "test_add_numbers_normal_cases",
        "status": "PASS",
        "execution_time": 0.0,
        "error_message": "",
        "failure_reason": "",
        "test_method": "test_add_numbers_normal_cases"
      },
      {
        "name": "test_is_prime_edge_cases",
        "status": "PASS",
        "execution_time": 0.0,
        "error_message": "",
        "failure_reason": "",
        "test_method": "test_is_prime_edge_cases"
      },
      {
        "name": "test_is_prime_error_cases",
        "status": "FAIL",
        "execution_time": 0.0,
        "error_message": "",
        "failure_reason": "",
        "test_method": "test_is_prime_error_cases"
      },
      {
        "name": "test_is_prime_normal_cases",
        "status": "PASS",
        "execution_time": 0.0,
        "error_message": "",
        "failure_reason": "",
        "test_method": "test_is_prime_normal_cases"
      },
      {
        "name": "test_sum_three_numbers_edge_cases",
        "status": "PASS",
        "execution_time": 0.0,
        "error_message": "",
        "failure_reason": "",
        "test_method": "test_sum_three_numbers_edge_cases"
      },
      {
        "name": "test_sum_three_numbers_error_cases",
        "status": "PASS",
        "execution_time": 0.0,
        "error_message": "",
        "failure_reason": "",
        "test_method": "test_sum_three_numbers_error_cases"
      },
      {
        "name": "test_sum_three_numbers_normal_cases",
        "status": "PASS",
        "execution_time": 0.0,
        "error_message": "",
        "failure_reason": "",
        "test_method": "test_sum_three_numbers_normal_cases"
      },
      {
        "name": "test_sum_three_numbers_type_validation",
        "status": "PASS",
        "execution_time": 0.0,
        "error_message": "",
        "failure_reason": "",
        "test_method": "test_sum_three_numbers_type_validation"
      }
    ]
  },
  "test_cases": [
    {
      "name": "test_add_numbers_edge_cases",
      "status": "PASS",
      "execution_time": 0.0,
      "error_message": "",
      "failure_reason": "",
      "test_method": "test_add_numbers_edge_cases"
    },
    {
      "name": "test_add_numbers_error_cases",
      "status": "PASS",
      "execution_time": 0.0,
      "error_message": "",
      "failure_reason": "",
      "test_method": "test_add_numbers_error_cases"
    },
    {
      "name": "test_add_numbers_normal_cases",
      "status": "PASS",
      "execution_time": 0.0,
      "error_message": "",
      "failure_reason": "",
      "test_method": "test_add_numbers_normal_cases"
    },
    {
      "name": "test_is_prime_edge_cases",
      "status": "PASS",
      "execution_time": 0.0,
      "error_message": "",
      "failure_reason": "",
      "test_method": "test_is_prime_edge_cases"
    },
    {
      "name": "test_is_prime_error_cases",
      "status": "FAIL",
      "execution_time": 0.0,
      "error_message": "",
      "failure_reason": "",
      "test_method": "test_is_prime_error_cases"
    },
    {
      "name": "test_is_prime_normal_cases",
      "status": "PASS",
      "execution_time": 0.0,
      "error_message": "",
      "failure_reason": "",
      "test_method": "test_is_prime_normal_cases"
    },
    {
      "name": "test_sum_three_numbers_edge_cases",
      "status": "PASS",
      "execution_time": 0.0,
      "error_message": "",
      "failure_reason": "",
      "test_method": "test_sum_three_numbers_edge_cases"
    },
    {
      "name": "test_sum_three_numbers_error_cases",
      "status": "PASS",
      "execution_time": 0.0,
      "error_message": "",
      "failure_reason": "",
      "test_method": "test_sum_three_numbers_error_cases"
    },
    {
      "name": "test_sum_three_numbers_normal_cases",
      "status": "PASS",
      "execution_time": 0.0,
      "error_message": "",
      "failure_reason": "",
      "test_method": "test_sum_three_numbers_normal_cases"
    },
    {
      "name": "test_sum_three_numbers_type_validation",
      "status": "PASS",
      "execution_time": 0.0,
      "error_message": "",
      "failure_reason": "",
      "test_method": "test_sum_three_numbers_type_validation"
    }
  ],
  "coverage_metrics": {
    "total_coverage": "75",
    "total_statements": "234",
    "missing_statements": "59"
  },
  "execution_logs": [
    "[2025-09-14 06:20:30] [INFO] ðŸš€ Starting Enhanced Python Project Test Automation",
    "[2025-09-14 06:20:30] [INFO] ðŸ“ Detected 6 changed files: main.py, reports/run_summary.txt, reports/test_automation_report_2025-09-14_06-16-05.json, reports/test_automation_report_2025-09-14_06-16-05.txt, reports/test_automation_report_2025-09-14_06-16-05.xml, tests_pr/pr_generated_tests.py",
    "[2025-09-14 06:20:30] [INFO] ðŸ” Analyzing changed file: main.py",
    "[2025-09-14 06:20:30] [INFO] âœ… Found 2 functions/methods in main.py",
    "[2025-09-14 06:20:30] [INFO] ðŸ” Analyzing changed file: tests_pr/pr_generated_tests.py",
    "[2025-09-14 06:20:30] [INFO] âœ… Found 5 functions/methods in tests_pr/pr_generated_tests.py",
    "[2025-09-14 06:20:30] [INFO] ðŸ“Š Analysis Summary:",
    "[2025-09-14 06:20:30] [INFO]    Total Functions/Methods: 7",
    "[2025-09-14 06:20:30] [INFO]    Functions: 2, Methods: 5",
    "[2025-09-14 06:20:30] [INFO]    Average Complexity: 1.4/10",
    "[2025-09-14 06:20:30] [INFO] ðŸ§  Generating comprehensive test cases using llama-3.3-70b-versatile...",
    "[2025-09-14 06:20:30] [INFO] ðŸ¤– Generating test code (attempt 1/3)...",
    "[2025-09-14 06:20:32] [SUCCESS] âœ… Generated syntactically valid test code",
    "[2025-09-14 06:20:32] [INFO] âœ”ï¸ Formatted: pr_generated_tests.py",
    "[2025-09-14 06:20:32] [SUCCESS] âœ… Generated and saved syntactically valid tests to /home/runner/work/check-python-tests/check-python-tests/tests_pr/pr_generated_tests.py",
    "[2025-09-14 06:20:32] [INFO] ðŸƒ Executing generated tests with comprehensive coverage analysis...",
    "[2025-09-14 06:20:32] [INFO] ðŸ§ª Executing tests from /home/runner/work/check-python-tests/check-python-tests/tests_pr/pr_generated_tests.py",
    "[2025-09-14 06:20:32] [ERROR] âŒ Tests failed.",
    "[2025-09-14 06:20:32] [ERROR] --- Test Output ---",
    "[2025-09-14 06:20:32] [ERROR] ",
    "[2025-09-14 06:20:32] [ERROR] test_add_numbers_edge_cases (__main__.TestGeneratedCode.test_add_numbers_edge_cases) ... ok\ntest_add_numbers_error_cases (__main__.TestGeneratedCode.test_add_numbers_error_cases) ... ok\ntest_add_numbers_normal_cases (__main__.TestGeneratedCode.test_add_numbers_normal_cases) ... ok\ntest_is_prime_edge_cases (__main__.TestGeneratedCode.test_is_prime_edge_cases) ... ok\ntest_is_prime_error_cases (__main__.TestGeneratedCode.test_is_prime_error_cases) ... FAIL\ntest_is_prime_normal_cases (__main__.TestGeneratedCode.test_is_prime_normal_cases) ... ok\ntest_sum_three_numbers_edge_cases (__main__.TestGeneratedCode.test_sum_three_numbers_edge_cases) ... ok\ntest_sum_three_numbers_error_cases (__main__.TestGeneratedCode.test_sum_three_numbers_error_cases) ... ok\ntest_sum_three_numbers_normal_cases (__main__.TestGeneratedCode.test_sum_three_numbers_normal_cases) ... ok\ntest_sum_three_numbers_type_validation (__main__.TestGeneratedCode.test_sum_three_numbers_type_validation) ... ok\n\n======================================================================\nFAIL: test_is_prime_error_cases (__main__.TestGeneratedCode.test_is_prime_error_cases)\n----------------------------------------------------------------------\nTraceback (most recent call last):\n  File \"/home/runner/work/check-python-tests/check-python-tests/tests_pr/pr_generated_tests.py\", line 48, in test_is_prime_error_cases\n    with self.assertRaises(TypeError):\nAssertionError: TypeError not raised\n\n----------------------------------------------------------------------\nRan 10 tests in 0.001s\n\nFAILED (failures=1)\n",
    "[2025-09-14 06:20:32] [ERROR] -------------------",
    "[2025-09-14 06:20:32] [INFO] \nðŸŽ¯ Code Coverage: 75%",
    "[2025-09-14 06:20:32] [INFO] ðŸŸ¡ Good coverage, consider adding edge case tests"
  ]
}