ğŸš€ Python Project Test Automation Report
Generated: 2025-09-14 06:03:36
Model Used: llama-3.3-70b-versatile
Execution Time: 0.45 seconds
Status: FAILED

============================================================

ğŸ“ CHANGED FILES:

  1. ci_pr_test_runner.py
  2. reports/run_summary.txt
  3. tests_pr/pr_generated_tests.py

ğŸ” SYNTAX VALIDATION:

  ci_pr_test_runner.py: âœ… PASS
  tests_pr/pr_generated_tests.py: âœ… PASS

ğŸ” ANALYZED FUNCTIONS/METHODS (32 total):

  1. Method: to_dict (Class: TestCaseResult) [Complexity: 1/10] [Type Hints: âœ…] [Docstring: âœ…]
     File: ci_pr_test_runner.py (lines 69-78)

  2. Method: __init__ (Class: CodeAnalyzer) [Complexity: 1/10] [Type Hints: âœ…] [Docstring: âŒ]
     File: ci_pr_test_runner.py (lines 98-100)

  3. Method: extract_type_info (Class: CodeAnalyzer) [Complexity: 6/10] [Type Hints: âœ…] [Docstring: âœ…]
     File: ci_pr_test_runner.py (lines 102-121)

  4. Method: extract_imports_from_file (Class: CodeAnalyzer) [Complexity: 10/10] [Type Hints: âœ…] [Docstring: âœ…]
     File: ci_pr_test_runner.py (lines 123-148)

  5. Method: calculate_complexity_score (Class: CodeAnalyzer) [Complexity: 5/10] [Type Hints: âœ…] [Docstring: âœ…]
     File: ci_pr_test_runner.py (lines 150-162)

  6. Method: __init__ (Class: TestValidator) [Complexity: 1/10] [Type Hints: âœ…] [Docstring: âŒ]
     File: ci_pr_test_runner.py (lines 167-168)

  7. Method: validate_syntax (Class: TestValidator) [Complexity: 4/10] [Type Hints: âœ…] [Docstring: âœ…]
     File: ci_pr_test_runner.py (lines 170-187)

  8. Method: validate_imports (Class: TestValidator) [Complexity: 10/10] [Type Hints: âœ…] [Docstring: âœ…]
     File: ci_pr_test_runner.py (lines 189-211)

  9. Method: __init__ (Class: ChangeAnalyzerAndTester) [Complexity: 1/10] [Type Hints: âŒ] [Docstring: âŒ]
     File: ci_pr_test_runner.py (lines 217-233)

  10. Method: _log (Class: ChangeAnalyzerAndTester) [Complexity: 1/10] [Type Hints: âœ…] [Docstring: âœ…]
     File: ci_pr_test_runner.py (lines 235-240)

  11. Method: _get_changed_files (Class: ChangeAnalyzerAndTester) [Complexity: 2/10] [Type Hints: âœ…] [Docstring: âœ…]
     File: ci_pr_test_runner.py (lines 242-251)

  12. Method: _extract_functions_from_file (Class: ChangeAnalyzerAndTester) [Complexity: 10/10] [Type Hints: âœ…] [Docstring: âœ…]
     File: ci_pr_test_runner.py (lines 253-322)

  13. Method: _build_comprehensive_prompt (Class: ChangeAnalyzerAndTester) [Complexity: 10/10] [Type Hints: âœ…] [Docstring: âœ…]
     File: ci_pr_test_runner.py (lines 324-479)

  14. Method: _invoke_llm_for_generation (Class: ChangeAnalyzerAndTester) [Complexity: 10/10] [Type Hints: âœ…] [Docstring: âœ…]
     File: ci_pr_test_runner.py (lines 481-532)

  15. Method: _generate_test_suite (Class: ChangeAnalyzerAndTester) [Complexity: 4/10] [Type Hints: âœ…] [Docstring: âœ…]
     File: ci_pr_test_runner.py (lines 534-555)

  16. Method: _fix_common_syntax_issues (Class: ChangeAnalyzerAndTester) [Complexity: 9/10] [Type Hints: âœ…] [Docstring: âœ…]
     File: ci_pr_test_runner.py (lines 557-578)

  17. Method: _format_python_code (Class: ChangeAnalyzerAndTester) [Complexity: 6/10] [Type Hints: âœ…] [Docstring: âœ…]
     File: ci_pr_test_runner.py (lines 580-608)

  18. Method: _parse_test_output (Class: ChangeAnalyzerAndTester) [Complexity: 10/10] [Type Hints: âœ…] [Docstring: âœ…]
     File: ci_pr_test_runner.py (lines 610-694)

  19. Method: _extract_test_methods_from_file (Class: ChangeAnalyzerAndTester) [Complexity: 7/10] [Type Hints: âœ…] [Docstring: âœ…]
     File: ci_pr_test_runner.py (lines 696-718)

  20. Method: _execute_tests (Class: ChangeAnalyzerAndTester) [Complexity: 9/10] [Type Hints: âœ…] [Docstring: âœ…]
     File: ci_pr_test_runner.py (lines 720-823)

  21. Method: _parse_coverage_metrics (Class: ChangeAnalyzerAndTester) [Complexity: 7/10] [Type Hints: âœ…] [Docstring: âœ…]
     File: ci_pr_test_runner.py (lines 825-850)

  22. Method: _generate_json_report (Class: ChangeAnalyzerAndTester) [Complexity: 2/10] [Type Hints: âœ…] [Docstring: âœ…]
     File: ci_pr_test_runner.py (lines 852-883)

  23. Method: _generate_xml_report (Class: ChangeAnalyzerAndTester) [Complexity: 10/10] [Type Hints: âœ…] [Docstring: âœ…]
     File: ci_pr_test_runner.py (lines 885-957)

  24. Method: _generate_text_report (Class: ChangeAnalyzerAndTester) [Complexity: 10/10] [Type Hints: âœ…] [Docstring: âœ…]
     File: ci_pr_test_runner.py (lines 959-1065)

  25. Method: _save_reports (Class: ChangeAnalyzerAndTester) [Complexity: 1/10] [Type Hints: âœ…] [Docstring: âœ…]
     File: ci_pr_test_runner.py (lines 1067-1091)

  26. Method: run (Class: ChangeAnalyzerAndTester) [Complexity: 10/10] [Type Hints: âŒ] [Docstring: âœ…]
     File: ci_pr_test_runner.py (lines 1093-1270)

  27. Method: setUp (Class: TestGeneratedCode) [Complexity: 1/10] [Type Hints: âŒ] [Docstring: âŒ]
     File: tests_pr/pr_generated_tests.py (lines 9-10)

  28. Method: test_sum_three_numbers_normal_case (Class: TestGeneratedCode) [Complexity: 1/10] [Type Hints: âŒ] [Docstring: âŒ]
     File: tests_pr/pr_generated_tests.py (lines 12-14)

  29. Method: test_sum_three_numbers_edge_cases (Class: TestGeneratedCode) [Complexity: 1/10] [Type Hints: âŒ] [Docstring: âŒ]
     File: tests_pr/pr_generated_tests.py (lines 16-19)

  30. Method: test_sum_three_numbers_type_validation (Class: TestGeneratedCode) [Complexity: 1/10] [Type Hints: âŒ] [Docstring: âŒ]
     File: tests_pr/pr_generated_tests.py (lines 21-23)

  31. Method: test_sum_three_numbers_error_cases (Class: TestGeneratedCode) [Complexity: 1/10] [Type Hints: âŒ] [Docstring: âŒ]
     File: tests_pr/pr_generated_tests.py (lines 25-31)

  32. Method: test_sum_three_numbers_none_values (Class: TestGeneratedCode) [Complexity: 1/10] [Type Hints: âŒ] [Docstring: âŒ]
     File: tests_pr/pr_generated_tests.py (lines 33-39)

ğŸ§ª TEST RESULTS:
  Status: FAILURE

  Test Output:
  â”€â”€â”€â”€â”€â”€â”€â”€â”€â”€â”€â”€â”€â”€â”€â”€â”€â”€â”€â”€â”€â”€â”€â”€â”€â”€â”€â”€â”€â”€â”€â”€â”€â”€â”€â”€â”€â”€â”€â”€
  Failed to generate test cases
  â”€â”€â”€â”€â”€â”€â”€â”€â”€â”€â”€â”€â”€â”€â”€â”€â”€â”€â”€â”€â”€â”€â”€â”€â”€â”€â”€â”€â”€â”€â”€â”€â”€â”€â”€â”€â”€â”€â”€â”€

ğŸ“Š COVERAGE METRICS:

ğŸ“ EXECUTION LOGS (Last 25 entries):

  [2025-09-14 06:03:35] [INFO] ğŸš€ Starting Enhanced Python Project Test Automation
  [2025-09-14 06:03:35] [INFO] ğŸ“ Detected 3 changed files: ci_pr_test_runner.py, reports/run_summary.txt, tests_pr/pr_generated_tests.py
  [2025-09-14 06:03:35] [INFO] ğŸ” Analyzing changed file: ci_pr_test_runner.py
  [2025-09-14 06:03:35] [INFO] âœ… Found 26 functions/methods in ci_pr_test_runner.py
  [2025-09-14 06:03:35] [INFO] ğŸ” Analyzing changed file: tests_pr/pr_generated_tests.py
  [2025-09-14 06:03:35] [INFO] âœ… Found 6 functions/methods in tests_pr/pr_generated_tests.py
  [2025-09-14 06:03:35] [INFO] ğŸ“Š Analysis Summary:
  [2025-09-14 06:03:35] [INFO]    Total Functions/Methods: 32
  [2025-09-14 06:03:35] [INFO]    Functions: 0, Methods: 32
  [2025-09-14 06:03:35] [INFO]    Average Complexity: 5.1/10
  [2025-09-14 06:03:35] [INFO] ğŸ§  Generating comprehensive test cases using llama-3.3-70b-versatile...
  [2025-09-14 06:03:35] [INFO] ğŸ¤– Generating test code (attempt 1/3)...
  [2025-09-14 06:03:35] [ERROR] âŒ Error in LLM generation (attempt 1): Error code: 413 - {'error': {'message': 'Request too large for model `llama-3.3-70b-versatile` in organization `org_01k4vv26wrfy0a45edrkbynbm1` service tier `on_demand` on tokens per minute (TPM): Limit 12000, Requested 15982, please reduce your message size and try again. Need more tokens? Upgrade to Dev Tier today at https://console.groq.com/settings/billing', 'type': 'tokens', 'code': 'rate_limit_exceeded'}}
  [2025-09-14 06:03:35] [INFO] ğŸ¤– Generating test code (attempt 2/3)...
  [2025-09-14 06:03:36] [ERROR] âŒ Error in LLM generation (attempt 2): Error code: 413 - {'error': {'message': 'Request too large for model `llama-3.3-70b-versatile` in organization `org_01k4vv26wrfy0a45edrkbynbm1` service tier `on_demand` on tokens per minute (TPM): Limit 12000, Requested 15982, please reduce your message size and try again. Need more tokens? Upgrade to Dev Tier today at https://console.groq.com/settings/billing', 'type': 'tokens', 'code': 'rate_limit_exceeded'}}
  [2025-09-14 06:03:36] [INFO] ğŸ¤– Generating test code (attempt 3/3)...
  [2025-09-14 06:03:36] [ERROR] âŒ Error in LLM generation (attempt 3): Error code: 413 - {'error': {'message': 'Request too large for model `llama-3.3-70b-versatile` in organization `org_01k4vv26wrfy0a45edrkbynbm1` service tier `on_demand` on tokens per minute (TPM): Limit 12000, Requested 15982, please reduce your message size and try again. Need more tokens? Upgrade to Dev Tier today at https://console.groq.com/settings/billing', 'type': 'tokens', 'code': 'rate_limit_exceeded'}}
  [2025-09-14 06:03:36] [ERROR] âŒ Failed to generate test cases. Aborting.
  [2025-09-14 06:03:36] [INFO] ğŸ“„ JSON report saved: /home/runner/work/check-python-tests/check-python-tests/reports/test_automation_report_2025-09-14_06-03-36.json
  [2025-09-14 06:03:36] [INFO] ğŸ“„ XML report saved: /home/runner/work/check-python-tests/check-python-tests/reports/test_automation_report_2025-09-14_06-03-36.xml

============================================================
Report completed at: 2025-09-14 06:03:36